2016-12-21 15:17:55.110 DEBUG 60054 --- [main] .b.l.ClasspathLoggingApplicationListener : Application started with classpath: [file:/Users/changealice/tools/opensource/hippo/hippo-spring-boot/target/surefire/surefirebooter8054835017912552022.jar]
2016-12-21 15:17:55.138  INFO 60054 --- [main] c.c.c.ConfigServicePropertySourceLocator : Fetching config from server at: http://localhost:8888
2016-12-21 15:17:55.228  WARN 60054 --- [main] c.c.c.ConfigServicePropertySourceLocator : Could not locate PropertySource: I/O error on GET request for "http://localhost:8888/hippo-spring-boot/default": Connection refused; nested exception is java.net.ConnectException: Connection refused
2016-12-21 15:17:55.229  INFO 60054 --- [main] com.change.springboot.DataSourceTests    : The following profiles are active: dev
2016-12-21 15:17:55.230 DEBUG 60054 --- [main] o.s.boot.SpringApplication               : Loading source class com.change.SampleSimpleApplication
2016-12-21 15:17:55.234 DEBUG 60054 --- [main] o.s.b.c.c.ConfigFileApplicationListener  : Activated profiles dev
2016-12-21 15:17:55.234 DEBUG 60054 --- [main] o.s.b.c.c.ConfigFileApplicationListener  : Loaded config file 'file:/Users/changealice/tools/opensource/hippo/hippo-spring-boot/target/classes/application.properties' (classpath:/application.properties)
2016-12-21 15:17:55.234 DEBUG 60054 --- [main] o.s.b.c.c.ConfigFileApplicationListener  : Loaded config file 'file:/Users/changealice/tools/opensource/hippo/hippo-spring-boot/target/classes/application-dev.properties' (classpath:/application-dev.properties)
2016-12-21 15:17:55.234 DEBUG 60054 --- [main] o.s.b.c.c.ConfigFileApplicationListener  : Skipped (empty) config file 'file:/Users/changealice/tools/opensource/hippo/hippo-spring-boot/target/classes/application-dev.properties' (classpath:/application-dev.properties) for profile dev
2016-12-21 15:17:55.234 DEBUG 60054 --- [main] o.s.b.c.c.ConfigFileApplicationListener  : Skipped (empty) config file 'file:/Users/changealice/tools/opensource/hippo/hippo-spring-boot/target/classes/application.properties' (classpath:/application.properties) for profile dev
2016-12-21 15:17:55.235  INFO 60054 --- [main] s.c.a.AnnotationConfigApplicationContext : Refreshing org.springframework.context.annotation.AnnotationConfigApplicationContext@1639f93a: startup date [Wed Dec 21 15:17:55 CST 2016]; parent: org.springframework.context.annotation.AnnotationConfigApplicationContext@60cf80e7
2016-12-21 15:17:56.184  INFO 60054 --- [main] .s.d.r.c.RepositoryConfigurationDelegate : Multiple Spring Data modules found, entering strict repository configuration mode!
2016-12-21 15:17:56.203  INFO 60054 --- [main] .RepositoryConfigurationExtensionSupport : Spring Data JPA - Could not safely identify store assignment for repository candidate interface com.change.repository.CommentsRepository.
2016-12-21 15:17:56.269  INFO 60054 --- [main] .s.d.r.c.RepositoryConfigurationDelegate : Multiple Spring Data modules found, entering strict repository configuration mode!
2016-12-21 15:17:56.273  INFO 60054 --- [main] .RepositoryConfigurationExtensionSupport : Spring Data JPA - Could not safely identify store assignment for repository candidate interface com.change.repository.CommentsRepository.
2016-12-21 15:17:56.276  INFO 60054 --- [main] o.s.b.f.s.DefaultListableBeanFactory     : Overriding bean definition for bean 'sysUserRepository' with a different definition: replacing [Root bean: class [org.springframework.data.jpa.repository.support.JpaRepositoryFactoryBean]; scope=; abstract=false; lazyInit=false; autowireMode=0; dependencyCheck=0; autowireCandidate=true; primary=false; factoryBeanName=null; factoryMethodName=null; initMethodName=null; destroyMethodName=null] with [Root bean: class [org.springframework.data.jpa.repository.support.JpaRepositoryFactoryBean]; scope=; abstract=false; lazyInit=false; autowireMode=0; dependencyCheck=0; autowireCandidate=true; primary=false; factoryBeanName=null; factoryMethodName=null; initMethodName=null; destroyMethodName=null]
2016-12-21 15:17:56.278  INFO 60054 --- [main] o.s.b.f.s.DefaultListableBeanFactory     : Overriding bean definition for bean 'userRepository' with a different definition: replacing [Root bean: class [org.springframework.data.jpa.repository.support.JpaRepositoryFactoryBean]; scope=; abstract=false; lazyInit=false; autowireMode=0; dependencyCheck=0; autowireCandidate=true; primary=false; factoryBeanName=null; factoryMethodName=null; initMethodName=null; destroyMethodName=null] with [Root bean: class [org.springframework.data.jpa.repository.support.JpaRepositoryFactoryBean]; scope=; abstract=false; lazyInit=false; autowireMode=0; dependencyCheck=0; autowireCandidate=true; primary=false; factoryBeanName=null; factoryMethodName=null; initMethodName=null; destroyMethodName=null]
2016-12-21 15:17:56.380 DEBUG 60054 --- [main] o.s.b.a.AutoConfigurationPackages        : @EnableAutoConfiguration was declared on a class in the package 'com.change'. Automatic @Repository and @Entity scanning is enabled.
2016-12-21 15:17:56.471  INFO 60054 --- [main] o.s.b.f.config.PropertiesFactoryBean     : Loading properties file from URL [jar:file:/Users/changealice/.m2/repository/org/springframework/integration/spring-integration-core/4.3.2.RELEASE/spring-integration-core-4.3.2.RELEASE.jar!/META-INF/spring.integration.default.properties]
2016-12-21 15:17:56.473  INFO 60054 --- [main] o.s.i.config.IntegrationRegistrar        : No bean named 'integrationHeaderChannelRegistry' has been explicitly defined. Therefore, a default DefaultHeaderChannelRegistry will be created.
2016-12-21 15:17:56.568  INFO 60054 --- [main] .s.d.r.c.RepositoryConfigurationDelegate : Multiple Spring Data modules found, entering strict repository configuration mode!
2016-12-21 15:17:56.589  INFO 60054 --- [main] .RepositoryConfigurationExtensionSupport : Spring Data MongoDB - Could not safely identify store assignment for repository candidate interface com.change.repository.UserRepository.
2016-12-21 15:17:56.590  INFO 60054 --- [main] .RepositoryConfigurationExtensionSupport : Spring Data MongoDB - Could not safely identify store assignment for repository candidate interface com.change.repository.SysUserRepository.
2016-12-21 15:17:56.652  INFO 60054 --- [main] .s.d.r.c.RepositoryConfigurationDelegate : Multiple Spring Data modules found, entering strict repository configuration mode!
2016-12-21 15:17:56.679  INFO 60054 --- [main] .RepositoryConfigurationExtensionSupport : Spring Data Redis - Could not safely identify store assignment for repository candidate interface com.change.repository.UserRepository.
2016-12-21 15:17:56.679  INFO 60054 --- [main] .RepositoryConfigurationExtensionSupport : Spring Data Redis - Could not safely identify store assignment for repository candidate interface com.change.repository.CommentsRepository.
2016-12-21 15:17:56.680  INFO 60054 --- [main] .RepositoryConfigurationExtensionSupport : Spring Data Redis - Could not safely identify store assignment for repository candidate interface com.change.repository.SysUserRepository.
2016-12-21 15:17:56.817  WARN 60054 --- [main] o.s.c.a.ConfigurationClassPostProcessor  : Cannot enhance @Configuration bean definition 'refreshScope' since its singleton instance has been created too early. The typical cause is a non-static @Bean method with a BeanDefinitionRegistryPostProcessor return type: Consider declaring such methods as 'static'.
2016-12-21 15:17:57.125  INFO 60054 --- [main] o.s.cloud.context.scope.GenericScope     : BeanFactory id=71d13f12-8369-3e54-aed7-67cef5516313
2016-12-21 15:17:57.136  INFO 60054 --- [main] faultConfiguringBeanFactoryPostProcessor : No bean named 'errorChannel' has been explicitly defined. Therefore, a default PublishSubscribeChannel will be created.
2016-12-21 15:17:57.139  INFO 60054 --- [main] faultConfiguringBeanFactoryPostProcessor : No bean named 'taskScheduler' has been explicitly defined. Therefore, a default ThreadPoolTaskScheduler will be created.
2016-12-21 15:17:57.150  INFO 60054 --- [main] f.a.AutowiredAnnotationBeanPostProcessor : JSR-330 'javax.inject.Inject' annotation found and supported for autowiring
2016-12-21 15:17:57.189  INFO 60054 --- [main] trationDelegate$BeanPostProcessorChecker : Bean 'org.springframework.kafka.annotation.KafkaBootstrapConfiguration' of type [class org.springframework.kafka.annotation.KafkaBootstrapConfiguration$$EnhancerBySpringCGLIB$$fc8a637d] is not eligible for getting processed by all BeanPostProcessors (for example: not eligible for auto-proxying)
2016-12-21 15:17:57.226  INFO 60054 --- [main] trationDelegate$BeanPostProcessorChecker : Bean 'org.springframework.amqp.rabbit.annotation.RabbitBootstrapConfiguration' of type [class org.springframework.amqp.rabbit.annotation.RabbitBootstrapConfiguration$$EnhancerBySpringCGLIB$$ef441028] is not eligible for getting processed by all BeanPostProcessors (for example: not eligible for auto-proxying)
2016-12-21 15:17:57.342  INFO 60054 --- [main] trationDelegate$BeanPostProcessorChecker : Bean 'org.springframework.transaction.annotation.ProxyTransactionManagementConfiguration' of type [class org.springframework.transaction.annotation.ProxyTransactionManagementConfiguration$$EnhancerBySpringCGLIB$$28d851fa] is not eligible for getting processed by all BeanPostProcessors (for example: not eligible for auto-proxying)
2016-12-21 15:17:57.583  INFO 60054 --- [main] trationDelegate$BeanPostProcessorChecker : Bean 'org.springframework.cache.annotation.ProxyCachingConfiguration' of type [class org.springframework.cache.annotation.ProxyCachingConfiguration$$EnhancerBySpringCGLIB$$71ea8818] is not eligible for getting processed by all BeanPostProcessors (for example: not eligible for auto-proxying)
2016-12-21 15:17:57.640  INFO 60054 --- [main] trationDelegate$BeanPostProcessorChecker : Bean 'org.springframework.cloud.netflix.metrics.MetricsInterceptorConfiguration$MetricsRestTemplateConfiguration' of type [class org.springframework.cloud.netflix.metrics.MetricsInterceptorConfiguration$MetricsRestTemplateConfiguration$$EnhancerBySpringCGLIB$$5b04f83b] is not eligible for getting processed by all BeanPostProcessors (for example: not eligible for auto-proxying)
2016-12-21 15:17:57.691  INFO 60054 --- [main] o.s.b.f.config.PropertiesFactoryBean     : Loading properties file from URL [jar:file:/Users/changealice/.m2/repository/org/springframework/integration/spring-integration-core/4.3.2.RELEASE/spring-integration-core-4.3.2.RELEASE.jar!/META-INF/spring.integration.default.properties]
2016-12-21 15:17:57.692  INFO 60054 --- [main] trationDelegate$BeanPostProcessorChecker : Bean 'integrationGlobalProperties' of type [class org.springframework.beans.factory.config.PropertiesFactoryBean] is not eligible for getting processed by all BeanPostProcessors (for example: not eligible for auto-proxying)
2016-12-21 15:17:57.709  INFO 60054 --- [main] trationDelegate$BeanPostProcessorChecker : Bean 'integrationGlobalProperties' of type [class java.util.Properties] is not eligible for getting processed by all BeanPostProcessors (for example: not eligible for auto-proxying)
2016-12-21 15:17:57.795  INFO 60054 --- [main] trationDelegate$BeanPostProcessorChecker : Bean 'org.springframework.cloud.autoconfigure.ConfigurationPropertiesRebinderAutoConfiguration' of type [class org.springframework.cloud.autoconfigure.ConfigurationPropertiesRebinderAutoConfiguration$$EnhancerBySpringCGLIB$$44f254f7] is not eligible for getting processed by all BeanPostProcessors (for example: not eligible for auto-proxying)
2016-12-21 15:17:57.810  INFO 60054 --- [main] trationDelegate$BeanPostProcessorChecker : Bean 'org.springframework.cloud.stream.config.ChannelBindingServiceConfiguration$PostProcessorConfiguration' of type [class org.springframework.cloud.stream.config.ChannelBindingServiceConfiguration$PostProcessorConfiguration$$EnhancerBySpringCGLIB$$20a2ea86] is not eligible for getting processed by all BeanPostProcessors (for example: not eligible for auto-proxying)
